  AddonMaker.cpp
  CitiesBox.cpp
  GeneralSetting.cpp
  TitleMenu.cpp
D:\git\Cities-Box.cpp\src\ImagesStruct.hpp(17,29): warning C4099: 'ImagesStruct': タイプ名は最初 'class' として使われていましたが 'struct' として使われています。 (ソース ファイルをコンパイルしています ..\..\..\src\AddonMaker.cpp)
D:\git\Cities-Box.cpp\src\ImagesStruct.hpp(17): message : 'ImagesStruct' の宣言を確認してください (ソース ファイルをコンパイルしています ..\..\..\src\AddonMaker.cpp)
D:\git\Cities-Box.cpp\src\ImagesStruct.hpp(17,29): warning C4099: 'ImagesStruct': タイプ名は最初 'class' として使われていましたが 'struct' として使われています。 (ソース ファイルをコンパイルしています ..\..\..\src\TitleMenu.cpp)
D:\git\Cities-Box.cpp\src\ImagesStruct.hpp(17): message : 'ImagesStruct' の宣言を確認してください (ソース ファイルをコンパイルしています ..\..\..\src\TitleMenu.cpp)
D:\git\Cities-Box.cpp\src\GeneralSetting.cpp(20,10): warning C5056: 演算子 '==': 配列型に対しては非推奨です
D:\git\Cities-Box.cpp\src\GeneralSetting.cpp(20,6): warning C4130: '==': 文字列定数のアドレスで論理演算が行われました。
D:\git\Cities-Box.cpp\src\ImagesStruct.hpp(17,29): warning C4099: 'ImagesStruct': タイプ名は最初 'class' として使われていましたが 'struct' として使われています。 (ソース ファイルをコンパイルしています ..\..\..\src\CitiesBox.cpp)
D:\git\Cities-Box.cpp\src\ImagesStruct.hpp(17): message : 'ImagesStruct' の宣言を確認してください (ソース ファイルをコンパイルしています ..\..\..\src\CitiesBox.cpp)
D:\git\Cities-Box.cpp\src\GeneralSetting.cpp(42,10): warning C5056: 演算子 '==': 配列型に対しては非推奨です
D:\git\Cities-Box.cpp\src\GeneralSetting.cpp(42,22): warning C4130: '==': 文字列定数のアドレスで論理演算が行われました。
D:\git\Cities-Box.cpp\src\AddonMaker.cpp(55,10): warning C5056: 演算子 '==': 配列型に対しては非推奨です
D:\git\Cities-Box.cpp\src\AddonMaker.cpp(55,6): warning C4130: '==': 文字列定数のアドレスで論理演算が行われました。
D:\git\Cities-Box.cpp\src\AddonMaker.cpp(129,10): warning C5056: 演算子 '==': 配列型に対しては非推奨です
D:\git\Cities-Box.cpp\src\AddonMaker.cpp(129,22): warning C4130: '==': 文字列定数のアドレスで論理演算が行われました。
D:\git\Cities-Box.cpp\src\AddonMaker.cpp(149,10): warning C5056: 演算子 '==': 配列型に対しては非推奨です
D:\git\Cities-Box.cpp\src\AddonMaker.cpp(149,6): warning C4130: '==': 文字列定数のアドレスで論理演算が行われました。
D:\git\Cities-Box.cpp\src\AddonMaker.cpp(169,10): warning C5056: 演算子 '==': 配列型に対しては非推奨です
D:\git\Cities-Box.cpp\src\AddonMaker.cpp(169,22): warning C4130: '==': 文字列定数のアドレスで論理演算が行われました。
D:\git\Cities-Box.cpp\src\TitleMenu.cpp(35,10): warning C5056: 演算子 '==': 配列型に対しては非推奨です
D:\git\Cities-Box.cpp\src\TitleMenu.cpp(35,6): warning C4130: '==': 文字列定数のアドレスで論理演算が行われました。
D:\git\Cities-Box.cpp\src\TitleMenu.cpp(87,10): warning C5056: 演算子 '==': 配列型に対しては非推奨です
D:\git\Cities-Box.cpp\src\TitleMenu.cpp(87,22): warning C4130: '==': 文字列定数のアドレスで論理演算が行われました。
D:\git\Cities-Box.cpp\src\TitleMenu.cpp(103,10): warning C5056: 演算子 '==': 配列型に対しては非推奨です
D:\git\Cities-Box.cpp\src\TitleMenu.cpp(103,6): warning C4130: '==': 文字列定数のアドレスで論理演算が行われました。
D:\git\Cities-Box.cpp\src\TitleMenu.cpp(108,10): warning C5056: 演算子 '==': 配列型に対しては非推奨です
D:\git\Cities-Box.cpp\src\TitleMenu.cpp(108,22): warning C4130: '==': 文字列定数のアドレスで論理演算が行われました。
D:\git\Cities-Box.cpp\src\CitiesBox.cpp(95,10): warning C5056: 演算子 '==': 配列型に対しては非推奨です
D:\git\Cities-Box.cpp\src\CitiesBox.cpp(95,6): warning C4130: '==': 文字列定数のアドレスで論理演算が行われました。
D:\git\Cities-Box.cpp\src\CitiesBox.cpp(210,10): warning C5056: 演算子 '==': 配列型に対しては非推奨です
D:\git\Cities-Box.cpp\src\CitiesBox.cpp(210,22): warning C4130: '==': 文字列定数のアドレスで論理演算が行われました。
D:\git\Cities-Box.cpp\src\CitiesBox.cpp(190): warning C4701: 初期化されていない可能性のあるローカル変数 'cursor' が使用されます
  LINK : 前回のインクリメンタル リンクで D:\git\Cities-Box.cpp\vs\Cities-Box.cpp\Intermediate\Cities-Box.cpp\Debug\Cities-Box.cpp(debug).exe が見つからなかったか、ビルドされませんでした。フル リンクを行います。
     ライブラリ D:\git\Cities-Box.cpp\vs\Cities-Box.cpp\Intermediate\Cities-Box.cpp\Debug\Cities-Box.cpp(debug).lib とオブジェクト D:\git\Cities-Box.cpp\vs\Cities-Box.cpp\Intermediate\Cities-Box.cpp\Debug\Cities-Box.cpp(debug).exp を作成中
  Cities-Box.cpp.vcxproj -> D:\git\Cities-Box.cpp\vs\Cities-Box.cpp\Intermediate\Cities-Box.cpp\Debug\Cities-Box.cpp(debug).exe
  D:\git\Cities-Box.cpp\vs\Cities-Box.cpp\Intermediate\Cities-Box.cpp\Debug\Cities-Box.cpp(debug).exe
  1 個のファイルをコピーしました
